<?xml version="1.0" encoding="UTF-8"?>
<testng-results skipped="0" failed="0" total="1" passed="1">
  <reporter-output>
  </reporter-output>
  <suite name="Suite" duration-ms="27" started-at="2018-10-21T15:06:39Z" finished-at="2018-10-21T15:06:39Z">
    <groups>
    </groups>
    <test name="Test" duration-ms="27" started-at="2018-10-21T15:06:39Z" finished-at="2018-10-21T15:06:39Z">
      <class name="pkg1.Class_A">
        <test-method status="PASS" signature="tc()[pri:0, instance:pkg1.Class_A@28f67ac7]" name="tc" duration-ms="9" started-at="2018-10-21T20:36:39Z" finished-at="2018-10-21T20:36:39Z">
          <reporter-output>
          </reporter-output>
        </test-method> <!-- tc -->
      </class> <!-- pkg1.Class_A -->
    </test> <!-- Test -->
  </suite> <!-- Suite -->
</testng-results>
